0 info it worked if it ends with ok
1 verbose cli [ 'node', '/usr/local/bin/npm', 'install', '--production' ]
2 info using npm@1.4.28
3 info using node@v0.10.33
4 verbose readDependencies using package.json deps
5 verbose install where, deps [ '/Users/cln/src/pet/QrVote',
5 verbose install   [ 'express', 'jade', 'mongoose', 'socket.io' ] ]
6 info preinstall qr-vote@0.0.2
7 verbose readDependencies using package.json deps
8 verbose cache add [ 'express@^2.9.0', null ]
9 verbose cache add name=undefined spec="express@^2.9.0" args=["express@^2.9.0",null]
10 verbose parsed url { protocol: null,
10 verbose parsed url   slashes: null,
10 verbose parsed url   auth: null,
10 verbose parsed url   host: null,
10 verbose parsed url   port: null,
10 verbose parsed url   hostname: null,
10 verbose parsed url   hash: null,
10 verbose parsed url   search: null,
10 verbose parsed url   query: null,
10 verbose parsed url   pathname: 'express@^2.9.0',
10 verbose parsed url   path: 'express@^2.9.0',
10 verbose parsed url   href: 'express@^2.9.0' }
11 verbose already installed skipping jade@>= 0.0.1 /Users/cln/src/pet/QrVote
12 verbose already installed skipping mongoose@^3.8.17 /Users/cln/src/pet/QrVote
13 verbose already installed skipping socket.io@0.9.10 /Users/cln/src/pet/QrVote
14 verbose cache add name="express" spec="^2.9.0" args=["express","^2.9.0"]
15 verbose parsed url { protocol: null,
15 verbose parsed url   slashes: null,
15 verbose parsed url   auth: null,
15 verbose parsed url   host: null,
15 verbose parsed url   port: null,
15 verbose parsed url   hostname: null,
15 verbose parsed url   hash: null,
15 verbose parsed url   search: null,
15 verbose parsed url   query: null,
15 verbose parsed url   pathname: '^2.9.0',
15 verbose parsed url   path: '^2.9.0',
15 verbose parsed url   href: '^2.9.0' }
16 verbose addNamed [ 'express', '^2.9.0' ]
17 verbose addNamed [ null, '>=2.9.0-0 <3.0.0-0' ]
18 silly lockFile 12bfa7eb-express-2-9-0 express@^2.9.0
19 verbose lock express@^2.9.0 /Users/cln/.npm/12bfa7eb-express-2-9-0.lock
20 silly addNameRange { name: 'express', range: '>=2.9.0-0 <3.0.0-0', hasData: false }
21 verbose request where is /express
22 verbose request registry https://registry.npmjs.org/
23 verbose request id 6e4b1e2663c854c7
24 verbose url raw /express
25 verbose url resolving [ 'https://registry.npmjs.org/', './express' ]
26 verbose url resolved https://registry.npmjs.org/express
27 verbose request where is https://registry.npmjs.org/express
28 info trying registry request attempt 1 at 01:06:19
29 verbose etag "4PZ8PH88OU3AKUOEJUKRJR98F"
30 http GET https://registry.npmjs.org/express
31 http 304 https://registry.npmjs.org/express
32 silly registry.get cb [ 304,
32 silly registry.get   { date: 'Sun, 01 Feb 2015 00:06:19 GMT',
32 silly registry.get     server: 'Apache',
32 silly registry.get     via: '1.1 varnish',
32 silly registry.get     'last-modified': 'Sun, 01 Feb 2015 00:06:19 GMT',
32 silly registry.get     'cache-control': 'max-age=60',
32 silly registry.get     etag: '"4PZ8PH88OU3AKUOEJUKRJR98F"',
32 silly registry.get     age: '16',
32 silly registry.get     'x-served-by': 'cache-fra1223-FRA',
32 silly registry.get     'x-cache': 'HIT',
32 silly registry.get     'x-cache-hits': '1',
32 silly registry.get     'x-timer': 'S1422749179.725932,VS0,VE2',
32 silly registry.get     vary: 'Accept',
32 silly registry.get     'content-length': '0',
32 silly registry.get     'keep-alive': 'timeout=10, max=50',
32 silly registry.get     connection: 'Keep-Alive' } ]
33 verbose etag https://registry.npmjs.org/express from cache
34 silly addNameRange number 2 { name: 'express', range: '>=2.9.0-0 <3.0.0-0', hasData: true }
35 silly addNameRange versions [ 'express',
35 silly addNameRange   [ '0.14.0',
35 silly addNameRange     '0.14.1',
35 silly addNameRange     '1.0.0',
35 silly addNameRange     '1.0.1',
35 silly addNameRange     '1.0.2',
35 silly addNameRange     '1.0.3',
35 silly addNameRange     '1.0.4',
35 silly addNameRange     '1.0.5',
35 silly addNameRange     '1.0.6',
35 silly addNameRange     '1.0.7',
35 silly addNameRange     '1.0.8',
35 silly addNameRange     '2.0.0',
35 silly addNameRange     '2.1.0',
35 silly addNameRange     '2.1.1',
35 silly addNameRange     '2.2.0',
35 silly addNameRange     '2.2.1',
35 silly addNameRange     '2.2.2',
35 silly addNameRange     '2.3.0',
35 silly addNameRange     '2.3.1',
35 silly addNameRange     '2.3.2',
35 silly addNameRange     '2.3.3',
35 silly addNameRange     '2.3.4',
35 silly addNameRange     '2.3.5',
35 silly addNameRange     '2.3.6',
35 silly addNameRange     '2.3.7',
35 silly addNameRange     '2.3.8',
35 silly addNameRange     '2.3.9',
35 silly addNameRange     '2.3.10',
35 silly addNameRange     '2.3.11',
35 silly addNameRange     '2.3.12',
35 silly addNameRange     '2.4.0',
35 silly addNameRange     '2.4.1',
35 silly addNameRange     '2.4.2',
35 silly addNameRange     '2.4.3',
35 silly addNameRange     '2.4.4',
35 silly addNameRange     '2.4.5',
35 silly addNameRange     '2.4.6',
35 silly addNameRange     '2.4.7',
35 silly addNameRange     '2.5.0',
35 silly addNameRange     '2.5.1',
35 silly addNameRange     '2.5.2',
35 silly addNameRange     '2.5.3',
35 silly addNameRange     '2.5.4',
35 silly addNameRange     '2.5.5',
35 silly addNameRange     '2.5.6',
35 silly addNameRange     '2.5.7',
35 silly addNameRange     '2.5.8',
35 silly addNameRange     '2.5.9',
35 silly addNameRange     '2.5.10',
35 silly addNameRange     '2.5.11',
35 silly addNameRange     '3.0.0',
35 silly addNameRange     '3.0.1',
35 silly addNameRange     '3.0.2',
35 silly addNameRange     '3.0.3',
35 silly addNameRange     '3.0.4',
35 silly addNameRange     '3.0.5',
35 silly addNameRange     '3.0.6',
35 silly addNameRange     '3.1.0',
35 silly addNameRange     '3.1.1',
35 silly addNameRange     '3.1.2',
35 silly addNameRange     '3.2.0',
35 silly addNameRange     '3.2.1',
35 silly addNameRange     '3.2.2',
35 silly addNameRange     '3.2.3',
35 silly addNameRange     '3.2.4',
35 silly addNameRange     '3.2.5',
35 silly addNameRange     '3.2.6',
35 silly addNameRange     '3.3.0',
35 silly addNameRange     '3.3.1',
35 silly addNameRange     '3.3.2',
35 silly addNameRange     '3.3.3',
35 silly addNameRange     '3.3.4',
35 silly addNameRange     '3.3.5',
35 silly addNameRange     '3.3.6',
35 silly addNameRange     '1.0.0-beta',
35 silly addNameRange     '1.0.0-beta2',
35 silly addNameRange     '1.0.0-rc',
35 silly addNameRange     '1.0.0-rc2',
35 silly addNameRange     '1.0.0-rc3',
35 silly addNameRange     '1.0.0-rc4',
35 silly addNameRange     '2.0.0-beta',
35 silly addNameRange     '2.0.0-beta2',
35 silly addNameRange     '2.0.0-beta3',
35 silly addNameRange     '2.0.0-rc',
35 silly addNameRange     '2.0.0-rc2',
35 silly addNameRange     '2.0.0-rc3',
35 silly addNameRange     '3.0.0-alpha1',
35 silly addNameRange     '3.0.0-alpha2',
35 silly addNameRange     '3.0.0-alpha3',
35 silly addNameRange     '3.0.0-alpha4',
35 silly addNameRange     '3.0.0-alpha5',
35 silly addNameRange     '3.0.0-beta1',
35 silly addNameRange     '3.0.0-beta2',
35 silly addNameRange     '3.0.0-beta3',
35 silly addNameRange     '3.0.0-beta4',
35 silly addNameRange     '3.0.0-beta6',
35 silly addNameRange     '3.0.0-beta7',
35 silly addNameRange     '3.0.0-rc1',
35 silly addNameRange     '3.0.0-rc2',
35 silly addNameRange     '3.0.0-rc3',
35 silly addNameRange     '3.0.0-rc4',
35 silly addNameRange     '3.0.0-rc5',
35 silly addNameRange     '3.3.7',
35 silly addNameRange     '3.3.8',
35 silly addNameRange     '3.4.0',
35 silly addNameRange     '3.4.1',
35 silly addNameRange     '3.4.2',
35 silly addNameRange     '3.4.3',
35 silly addNameRange     '3.4.4',
35 silly addNameRange     '3.4.5',
35 silly addNameRange     '3.4.6',
35 silly addNameRange     '3.4.7',
35 silly addNameRange     '3.4.8',
35 silly addNameRange     '4.0.0-rc1',
35 silly addNameRange     '4.0.0-rc2',
35 silly addNameRange     '3.5.0',
35 silly addNameRange     '4.0.0-rc3',
35 silly addNameRange     '4.0.0-rc4',
35 silly addNameRange     '3.5.1',
35 silly addNameRange     '4.0.0',
35 silly addNameRange     '3.5.2',
35 silly addNameRange     '4.1.0',
35 silly addNameRange     '4.1.1',
35 silly addNameRange     '3.5.3',
35 silly addNameRange     '4.1.2',
35 silly addNameRange     '3.6.0',
35 silly addNameRange     '4.2.0',
35 silly addNameRange     '3.7.0',
35 silly addNameRange     '3.8.0',
35 silly addNameRange     '4.3.0',
35 silly addNameRange     '4.3.1',
35 silly addNameRange     '3.8.1',
35 silly addNameRange     '4.3.2',
35 silly addNameRange     '3.9.0',
35 silly addNameRange     '4.4.0',
35 silly addNameRange     '4.4.1',
35 silly addNameRange     '3.10.0',
35 silly addNameRange     '3.10.1',
35 silly addNameRange     '3.10.2',
35 silly addNameRange     '3.10.3',
35 silly addNameRange     '3.10.4',
35 silly addNameRange     '4.4.2',
35 silly addNameRange     '3.10.5',
35 silly addNameRange     '4.4.3',
35 silly addNameRange     '3.11.0',
35 silly addNameRange     '4.4.4',
35 silly addNameRange     '3.12.0',
35 silly addNameRange     '3.12.1',
35 silly addNameRange     '4.4.5',
35 silly addNameRange     '3.13.0',
35 silly addNameRange     '4.5.0',
35 silly addNameRange     '4.5.1',
35 silly addNameRange     '3.14.0',
35 silly addNameRange     '4.6.0',
35 silly addNameRange     '4.6.1',
35 silly addNameRange     '3.15.0',
35 silly addNameRange     '4.7.0',
35 silly addNameRange     '3.15.1',
35 silly addNameRange     '4.7.1',
35 silly addNameRange     '3.15.2',
35 silly addNameRange     '4.7.2',
35 silly addNameRange     '4.7.3',
35 silly addNameRange     '3.15.3',
35 silly addNameRange     '4.7.4',
35 silly addNameRange     '3.16.0',
35 silly addNameRange     '4.8.0',
35 silly addNameRange     '3.16.1',
35 silly addNameRange     '4.8.1',
35 silly addNameRange     '3.16.2',
35 silly addNameRange     '4.8.2',
35 silly addNameRange     '3.16.3',
35 silly addNameRange     '3.16.4',
35 silly addNameRange     '4.8.3',
35 silly addNameRange     '3.16.5',
35 silly addNameRange     '3.16.6',
35 silly addNameRange     '4.8.4',
35 silly addNameRange     '3.16.7',
35 silly addNameRange     '4.8.5',
35 silly addNameRange     '3.16.8',
35 silly addNameRange     '4.8.6',
35 silly addNameRange     '3.16.9',
35 silly addNameRange     '4.8.7',
35 silly addNameRange     '3.16.10',
35 silly addNameRange     '4.8.8',
35 silly addNameRange     '3.17.0',
35 silly addNameRange     '3.17.1',
35 silly addNameRange     '4.9.0',
35 silly addNameRange     '3.17.2',
35 silly addNameRange     '4.9.1',
35 silly addNameRange     '4.9.2',
35 silly addNameRange     '3.17.3',
35 silly addNameRange     '4.9.3',
35 silly addNameRange     '3.17.4',
35 silly addNameRange     '4.9.4',
35 silly addNameRange     '3.17.5',
35 silly addNameRange     '4.9.5',
35 silly addNameRange     '3.17.6',
35 silly addNameRange     '3.17.7',
35 silly addNameRange     '4.9.6',
35 silly addNameRange     '4.9.7',
35 silly addNameRange     '3.17.8',
35 silly addNameRange     '4.9.8',
35 silly addNameRange     '3.18.0',
35 silly addNameRange     '3.18.1',
35 silly addNameRange     '4.10.0',
35 silly addNameRange     '3.18.2',
35 silly addNameRange     '4.10.1',
35 silly addNameRange     '5.0.0-alpha.1',
35 silly addNameRange     '3.18.3',
35 silly addNameRange     '4.10.2',
35 silly addNameRange     '3.18.4',
35 silly addNameRange     '4.10.3',
35 silly addNameRange     '4.10.4',
35 silly addNameRange     '4.10.5',
35 silly addNameRange     '3.18.5',
35 silly addNameRange     '3.18.6',
35 silly addNameRange     '4.10.6',
35 silly addNameRange     '4.10.7',
35 silly addNameRange     '3.19.0',
35 silly addNameRange     '4.10.8',
35 silly addNameRange     '4.11.0',
35 silly addNameRange     '3.19.1',
35 silly addNameRange     '4.11.1' ] ]
36 silly lockFile 12bfa7eb-express-2-9-0 express@^2.9.0
37 silly lockFile 12bfa7eb-express-2-9-0 express@^2.9.0
38 error notarget No compatible version found: express@'>=2.9.0-0 <3.0.0-0'
38 error notarget Valid install targets:
38 error notarget ["0.14.0","0.14.1","1.0.0","1.0.1","1.0.2","1.0.3","1.0.4","1.0.5","1.0.6","1.0.7","1.0.8","2.0.0","2.1.0","2.1.1","2.2.0","2.2.1","2.2.2","2.3.0","2.3.1","2.3.2","2.3.3","2.3.4","2.3.5","2.3.6","2.3.7","2.3.8","2.3.9","2.3.10","2.3.11","2.3.12","2.4.0","2.4.1","2.4.2","2.4.3","2.4.4","2.4.5","2.4.6","2.4.7","2.5.0","2.5.1","2.5.2","2.5.3","2.5.4","2.5.5","2.5.6","2.5.7","2.5.8","2.5.9","2.5.10","2.5.11","3.0.0","3.0.1","3.0.2","3.0.3","3.0.4","3.0.5","3.0.6","3.1.0","3.1.1","3.1.2","3.2.0","3.2.1","3.2.2","3.2.3","3.2.4","3.2.5","3.2.6","3.3.0","3.3.1","3.3.2","3.3.3","3.3.4","3.3.5","3.3.6","1.0.0-beta","1.0.0-beta2","1.0.0-rc","1.0.0-rc2","1.0.0-rc3","1.0.0-rc4","2.0.0-beta","2.0.0-beta2","2.0.0-beta3","2.0.0-rc","2.0.0-rc2","2.0.0-rc3","3.0.0-alpha1","3.0.0-alpha2","3.0.0-alpha3","3.0.0-alpha4","3.0.0-alpha5","3.0.0-beta1","3.0.0-beta2","3.0.0-beta3","3.0.0-beta4","3.0.0-beta6","3.0.0-beta7","3.0.0-rc1","3.0.0-rc2","3.0.0-rc3","3.0.0-rc4","3.0.0-rc5","3.3.7","3.3.8","3.4.0","3.4.1","3.4.2","3.4.3","3.4.4","3.4.5","3.4.6","3.4.7","3.4.8","4.0.0-rc1","4.0.0-rc2","3.5.0","4.0.0-rc3","4.0.0-rc4","3.5.1","4.0.0","3.5.2","4.1.0","4.1.1","3.5.3","4.1.2","3.6.0","4.2.0","3.7.0","3.8.0","4.3.0","4.3.1","3.8.1","4.3.2","3.9.0","4.4.0","4.4.1","3.10.0","3.10.1","3.10.2","3.10.3","3.10.4","4.4.2","3.10.5","4.4.3","3.11.0","4.4.4","3.12.0","3.12.1","4.4.5","3.13.0","4.5.0","4.5.1","3.14.0","4.6.0","4.6.1","3.15.0","4.7.0","3.15.1","4.7.1","3.15.2","4.7.2","4.7.3","3.15.3","4.7.4","3.16.0","4.8.0","3.16.1","4.8.1","3.16.2","4.8.2","3.16.3","3.16.4","4.8.3","3.16.5","3.16.6","4.8.4","3.16.7","4.8.5","3.16.8","4.8.6","3.16.9","4.8.7","3.16.10","4.8.8","3.17.0","3.17.1","4.9.0","3.17.2","4.9.1","4.9.2","3.17.3","4.9.3","3.17.4","4.9.4","3.17.5","4.9.5","3.17.6","3.17.7","4.9.6","4.9.7","3.17.8","4.9.8","3.18.0","3.18.1","4.10.0","3.18.2","4.10.1","5.0.0-alpha.1","3.18.3","4.10.2","3.18.4","4.10.3","4.10.4","4.10.5","3.18.5","3.18.6","4.10.6","4.10.7","3.19.0","4.10.8","4.11.0","3.19.1","4.11.1"]
38 error notarget
38 error notarget This is most likely not a problem with npm itself.
38 error notarget In most cases you or one of your dependencies are requesting
38 error notarget a package version that doesn't exist.
39 error System Darwin 14.1.0
40 error command "node" "/usr/local/bin/npm" "install" "--production"
41 error cwd /Users/cln/src/pet/QrVote
42 error node -v v0.10.33
43 error npm -v 1.4.28
44 error code ETARGET
45 verbose exit [ 1, true ]
